<?xml version="1.0" encoding="UTF-8"?>
<testsuite xmlns:xsi="http://www.w3.org/2001/XMLSchema-instance" xsi:noNamespaceSchemaLocation="https://maven.apache.org/surefire/maven-surefire-plugin/xsd/surefire-test-report-3.0.xsd" version="3.0" name="com.codermast.takeoutfood.V2ApplicationTests" time="9.376" tests="1" errors="0" skipped="0" failures="0">
  <properties>
    <property name="java.specification.version" value="19"/>
    <property name="sun.jnu.encoding" value="UTF-8"/>
    <property name="java.class.path" value="/Users/amanda/takeout_springboot/V2/target/test-classes:/Users/amanda/takeout_springboot/V2/target/classes:/Users/amanda/.m2/repository/org/springframework/boot/spring-boot-starter/2.3.7.RELEASE/spring-boot-starter-2.3.7.RELEASE.jar:/Users/amanda/.m2/repository/org/springframework/boot/spring-boot/2.3.7.RELEASE/spring-boot-2.3.7.RELEASE.jar:/Users/amanda/.m2/repository/org/springframework/spring-context/5.2.12.RELEASE/spring-context-5.2.12.RELEASE.jar:/Users/amanda/.m2/repository/org/springframework/boot/spring-boot-autoconfigure/2.3.7.RELEASE/spring-boot-autoconfigure-2.3.7.RELEASE.jar:/Users/amanda/.m2/repository/org/springframework/boot/spring-boot-starter-logging/2.3.7.RELEASE/spring-boot-starter-logging-2.3.7.RELEASE.jar:/Users/amanda/.m2/repository/ch/qos/logback/logback-classic/1.2.3/logback-classic-1.2.3.jar:/Users/amanda/.m2/repository/ch/qos/logback/logback-core/1.2.3/logback-core-1.2.3.jar:/Users/amanda/.m2/repository/org/apache/logging/log4j/log4j-to-slf4j/2.13.3/log4j-to-slf4j-2.13.3.jar:/Users/amanda/.m2/repository/org/apache/logging/log4j/log4j-api/2.13.3/log4j-api-2.13.3.jar:/Users/amanda/.m2/repository/org/slf4j/jul-to-slf4j/1.7.30/jul-to-slf4j-1.7.30.jar:/Users/amanda/.m2/repository/jakarta/annotation/jakarta.annotation-api/1.3.5/jakarta.annotation-api-1.3.5.jar:/Users/amanda/.m2/repository/org/springframework/spring-core/5.2.12.RELEASE/spring-core-5.2.12.RELEASE.jar:/Users/amanda/.m2/repository/org/springframework/spring-jcl/5.2.12.RELEASE/spring-jcl-5.2.12.RELEASE.jar:/Users/amanda/.m2/repository/org/yaml/snakeyaml/1.26/snakeyaml-1.26.jar:/Users/amanda/.m2/repository/org/springframework/boot/spring-boot-starter-test/2.3.7.RELEASE/spring-boot-starter-test-2.3.7.RELEASE.jar:/Users/amanda/.m2/repository/org/springframework/boot/spring-boot-test/2.3.7.RELEASE/spring-boot-test-2.3.7.RELEASE.jar:/Users/amanda/.m2/repository/org/springframework/boot/spring-boot-test-autoconfigure/2.3.7.RELEASE/spring-boot-test-autoconfigure-2.3.7.RELEASE.jar:/Users/amanda/.m2/repository/com/jayway/jsonpath/json-path/2.4.0/json-path-2.4.0.jar:/Users/amanda/.m2/repository/net/minidev/json-smart/2.3/json-smart-2.3.jar:/Users/amanda/.m2/repository/net/minidev/accessors-smart/1.2/accessors-smart-1.2.jar:/Users/amanda/.m2/repository/org/ow2/asm/asm/5.0.4/asm-5.0.4.jar:/Users/amanda/.m2/repository/jakarta/xml/bind/jakarta.xml.bind-api/2.3.3/jakarta.xml.bind-api-2.3.3.jar:/Users/amanda/.m2/repository/jakarta/activation/jakarta.activation-api/1.2.2/jakarta.activation-api-1.2.2.jar:/Users/amanda/.m2/repository/org/assertj/assertj-core/3.16.1/assertj-core-3.16.1.jar:/Users/amanda/.m2/repository/org/hamcrest/hamcrest/2.2/hamcrest-2.2.jar:/Users/amanda/.m2/repository/org/junit/jupiter/junit-jupiter/5.6.3/junit-jupiter-5.6.3.jar:/Users/amanda/.m2/repository/org/junit/jupiter/junit-jupiter-api/5.6.3/junit-jupiter-api-5.6.3.jar:/Users/amanda/.m2/repository/org/opentest4j/opentest4j/1.2.0/opentest4j-1.2.0.jar:/Users/amanda/.m2/repository/org/junit/platform/junit-platform-commons/1.6.3/junit-platform-commons-1.6.3.jar:/Users/amanda/.m2/repository/org/junit/jupiter/junit-jupiter-params/5.6.3/junit-jupiter-params-5.6.3.jar:/Users/amanda/.m2/repository/org/junit/jupiter/junit-jupiter-engine/5.6.3/junit-jupiter-engine-5.6.3.jar:/Users/amanda/.m2/repository/org/junit/vintage/junit-vintage-engine/5.6.3/junit-vintage-engine-5.6.3.jar:/Users/amanda/.m2/repository/org/apiguardian/apiguardian-api/1.1.0/apiguardian-api-1.1.0.jar:/Users/amanda/.m2/repository/org/junit/platform/junit-platform-engine/1.6.3/junit-platform-engine-1.6.3.jar:/Users/amanda/.m2/repository/junit/junit/4.13.1/junit-4.13.1.jar:/Users/amanda/.m2/repository/org/mockito/mockito-core/3.3.3/mockito-core-3.3.3.jar:/Users/amanda/.m2/repository/net/bytebuddy/byte-buddy/1.10.18/byte-buddy-1.10.18.jar:/Users/amanda/.m2/repository/net/bytebuddy/byte-buddy-agent/1.10.18/byte-buddy-agent-1.10.18.jar:/Users/amanda/.m2/repository/org/objenesis/objenesis/2.6/objenesis-2.6.jar:/Users/amanda/.m2/repository/org/mockito/mockito-junit-jupiter/3.3.3/mockito-junit-jupiter-3.3.3.jar:/Users/amanda/.m2/repository/org/skyscreamer/jsonassert/1.5.0/jsonassert-1.5.0.jar:/Users/amanda/.m2/repository/com/vaadin/external/google/android-json/0.0.20131108.vaadin1/android-json-0.0.20131108.vaadin1.jar:/Users/amanda/.m2/repository/org/springframework/spring-test/5.2.12.RELEASE/spring-test-5.2.12.RELEASE.jar:/Users/amanda/.m2/repository/org/xmlunit/xmlunit-core/2.7.0/xmlunit-core-2.7.0.jar:/Users/amanda/.m2/repository/com/baomidou/mybatis-plus-boot-starter/3.5.2/mybatis-plus-boot-starter-3.5.2.jar:/Users/amanda/.m2/repository/com/baomidou/mybatis-plus/3.5.2/mybatis-plus-3.5.2.jar:/Users/amanda/.m2/repository/com/baomidou/mybatis-plus-extension/3.5.2/mybatis-plus-extension-3.5.2.jar:/Users/amanda/.m2/repository/com/baomidou/mybatis-plus-core/3.5.2/mybatis-plus-core-3.5.2.jar:/Users/amanda/.m2/repository/com/baomidou/mybatis-plus-annotation/3.5.2/mybatis-plus-annotation-3.5.2.jar:/Users/amanda/.m2/repository/com/github/jsqlparser/jsqlparser/4.4/jsqlparser-4.4.jar:/Users/amanda/.m2/repository/org/mybatis/mybatis/3.5.10/mybatis-3.5.10.jar:/Users/amanda/.m2/repository/org/mybatis/mybatis-spring/2.0.7/mybatis-spring-2.0.7.jar:/Users/amanda/.m2/repository/org/jetbrains/kotlin/kotlin-stdlib-jdk8/1.3.72/kotlin-stdlib-jdk8-1.3.72.jar:/Users/amanda/.m2/repository/org/jetbrains/kotlin/kotlin-stdlib/1.3.72/kotlin-stdlib-1.3.72.jar:/Users/amanda/.m2/repository/org/jetbrains/kotlin/kotlin-stdlib-common/1.3.72/kotlin-stdlib-common-1.3.72.jar:/Users/amanda/.m2/repository/org/jetbrains/annotations/13.0/annotations-13.0.jar:/Users/amanda/.m2/repository/org/jetbrains/kotlin/kotlin-stdlib-jdk7/1.3.72/kotlin-stdlib-jdk7-1.3.72.jar:/Users/amanda/.m2/repository/org/springframework/boot/spring-boot-starter-jdbc/2.3.7.RELEASE/spring-boot-starter-jdbc-2.3.7.RELEASE.jar:/Users/amanda/.m2/repository/com/zaxxer/HikariCP/3.4.5/HikariCP-3.4.5.jar:/Users/amanda/.m2/repository/org/springframework/spring-jdbc/5.2.12.RELEASE/spring-jdbc-5.2.12.RELEASE.jar:/Users/amanda/.m2/repository/org/springframework/boot/spring-boot-starter-web/2.3.7.RELEASE/spring-boot-starter-web-2.3.7.RELEASE.jar:/Users/amanda/.m2/repository/org/springframework/boot/spring-boot-starter-json/2.3.7.RELEASE/spring-boot-starter-json-2.3.7.RELEASE.jar:/Users/amanda/.m2/repository/com/fasterxml/jackson/datatype/jackson-datatype-jdk8/2.11.3/jackson-datatype-jdk8-2.11.3.jar:/Users/amanda/.m2/repository/com/fasterxml/jackson/datatype/jackson-datatype-jsr310/2.11.3/jackson-datatype-jsr310-2.11.3.jar:/Users/amanda/.m2/repository/com/fasterxml/jackson/module/jackson-module-parameter-names/2.11.3/jackson-module-parameter-names-2.11.3.jar:/Users/amanda/.m2/repository/org/springframework/boot/spring-boot-starter-tomcat/2.3.7.RELEASE/spring-boot-starter-tomcat-2.3.7.RELEASE.jar:/Users/amanda/.m2/repository/org/apache/tomcat/embed/tomcat-embed-core/9.0.41/tomcat-embed-core-9.0.41.jar:/Users/amanda/.m2/repository/org/glassfish/jakarta.el/3.0.3/jakarta.el-3.0.3.jar:/Users/amanda/.m2/repository/org/apache/tomcat/embed/tomcat-embed-websocket/9.0.41/tomcat-embed-websocket-9.0.41.jar:/Users/amanda/.m2/repository/org/springframework/spring-webmvc/5.2.12.RELEASE/spring-webmvc-5.2.12.RELEASE.jar:/Users/amanda/.m2/repository/org/springframework/spring-aop/5.2.12.RELEASE/spring-aop-5.2.12.RELEASE.jar:/Users/amanda/.m2/repository/org/springframework/spring-expression/5.2.12.RELEASE/spring-expression-5.2.12.RELEASE.jar:/Users/amanda/.m2/repository/org/springframework/boot/spring-boot-starter-mail/2.3.7.RELEASE/spring-boot-starter-mail-2.3.7.RELEASE.jar:/Users/amanda/.m2/repository/org/springframework/spring-context-support/5.2.12.RELEASE/spring-context-support-5.2.12.RELEASE.jar:/Users/amanda/.m2/repository/com/sun/mail/jakarta.mail/1.6.5/jakarta.mail-1.6.5.jar:/Users/amanda/.m2/repository/com/sun/activation/jakarta.activation/1.2.2/jakarta.activation-1.2.2.jar:/Users/amanda/.m2/repository/org/projectlombok/lombok/1.18.24/lombok-1.18.24.jar:/Users/amanda/.m2/repository/com/alibaba/fastjson/2.0.20/fastjson-2.0.20.jar:/Users/amanda/.m2/repository/com/alibaba/fastjson2/fastjson2-extension/2.0.20/fastjson2-extension-2.0.20.jar:/Users/amanda/.m2/repository/com/alibaba/fastjson2/fastjson2/2.0.20/fastjson2-2.0.20.jar:/Users/amanda/.m2/repository/commons-lang/commons-lang/2.6/commons-lang-2.6.jar:/Users/amanda/.m2/repository/mysql/mysql-connector-java/8.0.22/mysql-connector-java-8.0.22.jar:/Users/amanda/.m2/repository/com/alibaba/druid-spring-boot-starter/1.2.15/druid-spring-boot-starter-1.2.15.jar:/Users/amanda/.m2/repository/com/alibaba/druid/1.2.15/druid-1.2.15.jar:/Users/amanda/.m2/repository/org/slf4j/slf4j-api/1.7.30/slf4j-api-1.7.30.jar:/Users/amanda/.m2/repository/org/springframework/spring-web/5.2.12.RELEASE/spring-web-5.2.12.RELEASE.jar:/Users/amanda/.m2/repository/org/springframework/spring-beans/5.2.12.RELEASE/spring-beans-5.2.12.RELEASE.jar:/Users/amanda/.m2/repository/org/springframework/boot/spring-boot-starter-data-redis/2.3.7.RELEASE/spring-boot-starter-data-redis-2.3.7.RELEASE.jar:/Users/amanda/.m2/repository/org/springframework/data/spring-data-redis/2.3.6.RELEASE/spring-data-redis-2.3.6.RELEASE.jar:/Users/amanda/.m2/repository/org/springframework/data/spring-data-keyvalue/2.3.6.RELEASE/spring-data-keyvalue-2.3.6.RELEASE.jar:/Users/amanda/.m2/repository/org/springframework/data/spring-data-commons/2.3.6.RELEASE/spring-data-commons-2.3.6.RELEASE.jar:/Users/amanda/.m2/repository/org/springframework/spring-tx/5.2.12.RELEASE/spring-tx-5.2.12.RELEASE.jar:/Users/amanda/.m2/repository/org/springframework/spring-oxm/5.2.12.RELEASE/spring-oxm-5.2.12.RELEASE.jar:/Users/amanda/.m2/repository/io/lettuce/lettuce-core/5.3.5.RELEASE/lettuce-core-5.3.5.RELEASE.jar:/Users/amanda/.m2/repository/io/netty/netty-common/4.1.55.Final/netty-common-4.1.55.Final.jar:/Users/amanda/.m2/repository/io/netty/netty-handler/4.1.55.Final/netty-handler-4.1.55.Final.jar:/Users/amanda/.m2/repository/io/netty/netty-resolver/4.1.55.Final/netty-resolver-4.1.55.Final.jar:/Users/amanda/.m2/repository/io/netty/netty-buffer/4.1.55.Final/netty-buffer-4.1.55.Final.jar:/Users/amanda/.m2/repository/io/netty/netty-codec/4.1.55.Final/netty-codec-4.1.55.Final.jar:/Users/amanda/.m2/repository/io/netty/netty-transport/4.1.55.Final/netty-transport-4.1.55.Final.jar:/Users/amanda/.m2/repository/io/projectreactor/reactor-core/3.3.12.RELEASE/reactor-core-3.3.12.RELEASE.jar:/Users/amanda/.m2/repository/org/reactivestreams/reactive-streams/1.0.3/reactive-streams-1.0.3.jar:/Users/amanda/.m2/repository/com/fasterxml/jackson/core/jackson-databind/2.11.3/jackson-databind-2.11.3.jar:/Users/amanda/.m2/repository/com/fasterxml/jackson/core/jackson-annotations/2.11.3/jackson-annotations-2.11.3.jar:/Users/amanda/.m2/repository/com/fasterxml/jackson/core/jackson-core/2.11.3/jackson-core-2.11.3.jar:"/>
    <property name="java.vm.vendor" value="Oracle Corporation"/>
    <property name="sun.arch.data.model" value="64"/>
    <property name="java.vendor.url" value="https://java.oracle.com/"/>
    <property name="user.timezone" value="America/New_York"/>
    <property name="os.name" value="Mac OS X"/>
    <property name="java.vm.specification.version" value="19"/>
    <property name="sun.java.launcher" value="SUN_STANDARD"/>
    <property name="user.country" value="CN"/>
    <property name="sun.boot.library.path" value="/Library/Java/JavaVirtualMachines/jdk-19.jdk/Contents/Home/lib"/>
    <property name="sun.java.command" value="/Users/amanda/takeout_springboot/V2/target/surefire/surefirebooter-20230730112430067_3.jar /Users/amanda/takeout_springboot/V2/target/surefire 2023-07-30T11-24-29_826-jvmRun1 surefire-20230730112430067_1tmp surefire_0-20230730112430067_2tmp"/>
    <property name="jdk.debug" value="release"/>
    <property name="surefire.test.class.path" value="/Users/amanda/takeout_springboot/V2/target/test-classes:/Users/amanda/takeout_springboot/V2/target/classes:/Users/amanda/.m2/repository/org/springframework/boot/spring-boot-starter/2.3.7.RELEASE/spring-boot-starter-2.3.7.RELEASE.jar:/Users/amanda/.m2/repository/org/springframework/boot/spring-boot/2.3.7.RELEASE/spring-boot-2.3.7.RELEASE.jar:/Users/amanda/.m2/repository/org/springframework/spring-context/5.2.12.RELEASE/spring-context-5.2.12.RELEASE.jar:/Users/amanda/.m2/repository/org/springframework/boot/spring-boot-autoconfigure/2.3.7.RELEASE/spring-boot-autoconfigure-2.3.7.RELEASE.jar:/Users/amanda/.m2/repository/org/springframework/boot/spring-boot-starter-logging/2.3.7.RELEASE/spring-boot-starter-logging-2.3.7.RELEASE.jar:/Users/amanda/.m2/repository/ch/qos/logback/logback-classic/1.2.3/logback-classic-1.2.3.jar:/Users/amanda/.m2/repository/ch/qos/logback/logback-core/1.2.3/logback-core-1.2.3.jar:/Users/amanda/.m2/repository/org/apache/logging/log4j/log4j-to-slf4j/2.13.3/log4j-to-slf4j-2.13.3.jar:/Users/amanda/.m2/repository/org/apache/logging/log4j/log4j-api/2.13.3/log4j-api-2.13.3.jar:/Users/amanda/.m2/repository/org/slf4j/jul-to-slf4j/1.7.30/jul-to-slf4j-1.7.30.jar:/Users/amanda/.m2/repository/jakarta/annotation/jakarta.annotation-api/1.3.5/jakarta.annotation-api-1.3.5.jar:/Users/amanda/.m2/repository/org/springframework/spring-core/5.2.12.RELEASE/spring-core-5.2.12.RELEASE.jar:/Users/amanda/.m2/repository/org/springframework/spring-jcl/5.2.12.RELEASE/spring-jcl-5.2.12.RELEASE.jar:/Users/amanda/.m2/repository/org/yaml/snakeyaml/1.26/snakeyaml-1.26.jar:/Users/amanda/.m2/repository/org/springframework/boot/spring-boot-starter-test/2.3.7.RELEASE/spring-boot-starter-test-2.3.7.RELEASE.jar:/Users/amanda/.m2/repository/org/springframework/boot/spring-boot-test/2.3.7.RELEASE/spring-boot-test-2.3.7.RELEASE.jar:/Users/amanda/.m2/repository/org/springframework/boot/spring-boot-test-autoconfigure/2.3.7.RELEASE/spring-boot-test-autoconfigure-2.3.7.RELEASE.jar:/Users/amanda/.m2/repository/com/jayway/jsonpath/json-path/2.4.0/json-path-2.4.0.jar:/Users/amanda/.m2/repository/net/minidev/json-smart/2.3/json-smart-2.3.jar:/Users/amanda/.m2/repository/net/minidev/accessors-smart/1.2/accessors-smart-1.2.jar:/Users/amanda/.m2/repository/org/ow2/asm/asm/5.0.4/asm-5.0.4.jar:/Users/amanda/.m2/repository/jakarta/xml/bind/jakarta.xml.bind-api/2.3.3/jakarta.xml.bind-api-2.3.3.jar:/Users/amanda/.m2/repository/jakarta/activation/jakarta.activation-api/1.2.2/jakarta.activation-api-1.2.2.jar:/Users/amanda/.m2/repository/org/assertj/assertj-core/3.16.1/assertj-core-3.16.1.jar:/Users/amanda/.m2/repository/org/hamcrest/hamcrest/2.2/hamcrest-2.2.jar:/Users/amanda/.m2/repository/org/junit/jupiter/junit-jupiter/5.6.3/junit-jupiter-5.6.3.jar:/Users/amanda/.m2/repository/org/junit/jupiter/junit-jupiter-api/5.6.3/junit-jupiter-api-5.6.3.jar:/Users/amanda/.m2/repository/org/opentest4j/opentest4j/1.2.0/opentest4j-1.2.0.jar:/Users/amanda/.m2/repository/org/junit/platform/junit-platform-commons/1.6.3/junit-platform-commons-1.6.3.jar:/Users/amanda/.m2/repository/org/junit/jupiter/junit-jupiter-params/5.6.3/junit-jupiter-params-5.6.3.jar:/Users/amanda/.m2/repository/org/junit/jupiter/junit-jupiter-engine/5.6.3/junit-jupiter-engine-5.6.3.jar:/Users/amanda/.m2/repository/org/junit/vintage/junit-vintage-engine/5.6.3/junit-vintage-engine-5.6.3.jar:/Users/amanda/.m2/repository/org/apiguardian/apiguardian-api/1.1.0/apiguardian-api-1.1.0.jar:/Users/amanda/.m2/repository/org/junit/platform/junit-platform-engine/1.6.3/junit-platform-engine-1.6.3.jar:/Users/amanda/.m2/repository/junit/junit/4.13.1/junit-4.13.1.jar:/Users/amanda/.m2/repository/org/mockito/mockito-core/3.3.3/mockito-core-3.3.3.jar:/Users/amanda/.m2/repository/net/bytebuddy/byte-buddy/1.10.18/byte-buddy-1.10.18.jar:/Users/amanda/.m2/repository/net/bytebuddy/byte-buddy-agent/1.10.18/byte-buddy-agent-1.10.18.jar:/Users/amanda/.m2/repository/org/objenesis/objenesis/2.6/objenesis-2.6.jar:/Users/amanda/.m2/repository/org/mockito/mockito-junit-jupiter/3.3.3/mockito-junit-jupiter-3.3.3.jar:/Users/amanda/.m2/repository/org/skyscreamer/jsonassert/1.5.0/jsonassert-1.5.0.jar:/Users/amanda/.m2/repository/com/vaadin/external/google/android-json/0.0.20131108.vaadin1/android-json-0.0.20131108.vaadin1.jar:/Users/amanda/.m2/repository/org/springframework/spring-test/5.2.12.RELEASE/spring-test-5.2.12.RELEASE.jar:/Users/amanda/.m2/repository/org/xmlunit/xmlunit-core/2.7.0/xmlunit-core-2.7.0.jar:/Users/amanda/.m2/repository/com/baomidou/mybatis-plus-boot-starter/3.5.2/mybatis-plus-boot-starter-3.5.2.jar:/Users/amanda/.m2/repository/com/baomidou/mybatis-plus/3.5.2/mybatis-plus-3.5.2.jar:/Users/amanda/.m2/repository/com/baomidou/mybatis-plus-extension/3.5.2/mybatis-plus-extension-3.5.2.jar:/Users/amanda/.m2/repository/com/baomidou/mybatis-plus-core/3.5.2/mybatis-plus-core-3.5.2.jar:/Users/amanda/.m2/repository/com/baomidou/mybatis-plus-annotation/3.5.2/mybatis-plus-annotation-3.5.2.jar:/Users/amanda/.m2/repository/com/github/jsqlparser/jsqlparser/4.4/jsqlparser-4.4.jar:/Users/amanda/.m2/repository/org/mybatis/mybatis/3.5.10/mybatis-3.5.10.jar:/Users/amanda/.m2/repository/org/mybatis/mybatis-spring/2.0.7/mybatis-spring-2.0.7.jar:/Users/amanda/.m2/repository/org/jetbrains/kotlin/kotlin-stdlib-jdk8/1.3.72/kotlin-stdlib-jdk8-1.3.72.jar:/Users/amanda/.m2/repository/org/jetbrains/kotlin/kotlin-stdlib/1.3.72/kotlin-stdlib-1.3.72.jar:/Users/amanda/.m2/repository/org/jetbrains/kotlin/kotlin-stdlib-common/1.3.72/kotlin-stdlib-common-1.3.72.jar:/Users/amanda/.m2/repository/org/jetbrains/annotations/13.0/annotations-13.0.jar:/Users/amanda/.m2/repository/org/jetbrains/kotlin/kotlin-stdlib-jdk7/1.3.72/kotlin-stdlib-jdk7-1.3.72.jar:/Users/amanda/.m2/repository/org/springframework/boot/spring-boot-starter-jdbc/2.3.7.RELEASE/spring-boot-starter-jdbc-2.3.7.RELEASE.jar:/Users/amanda/.m2/repository/com/zaxxer/HikariCP/3.4.5/HikariCP-3.4.5.jar:/Users/amanda/.m2/repository/org/springframework/spring-jdbc/5.2.12.RELEASE/spring-jdbc-5.2.12.RELEASE.jar:/Users/amanda/.m2/repository/org/springframework/boot/spring-boot-starter-web/2.3.7.RELEASE/spring-boot-starter-web-2.3.7.RELEASE.jar:/Users/amanda/.m2/repository/org/springframework/boot/spring-boot-starter-json/2.3.7.RELEASE/spring-boot-starter-json-2.3.7.RELEASE.jar:/Users/amanda/.m2/repository/com/fasterxml/jackson/datatype/jackson-datatype-jdk8/2.11.3/jackson-datatype-jdk8-2.11.3.jar:/Users/amanda/.m2/repository/com/fasterxml/jackson/datatype/jackson-datatype-jsr310/2.11.3/jackson-datatype-jsr310-2.11.3.jar:/Users/amanda/.m2/repository/com/fasterxml/jackson/module/jackson-module-parameter-names/2.11.3/jackson-module-parameter-names-2.11.3.jar:/Users/amanda/.m2/repository/org/springframework/boot/spring-boot-starter-tomcat/2.3.7.RELEASE/spring-boot-starter-tomcat-2.3.7.RELEASE.jar:/Users/amanda/.m2/repository/org/apache/tomcat/embed/tomcat-embed-core/9.0.41/tomcat-embed-core-9.0.41.jar:/Users/amanda/.m2/repository/org/glassfish/jakarta.el/3.0.3/jakarta.el-3.0.3.jar:/Users/amanda/.m2/repository/org/apache/tomcat/embed/tomcat-embed-websocket/9.0.41/tomcat-embed-websocket-9.0.41.jar:/Users/amanda/.m2/repository/org/springframework/spring-webmvc/5.2.12.RELEASE/spring-webmvc-5.2.12.RELEASE.jar:/Users/amanda/.m2/repository/org/springframework/spring-aop/5.2.12.RELEASE/spring-aop-5.2.12.RELEASE.jar:/Users/amanda/.m2/repository/org/springframework/spring-expression/5.2.12.RELEASE/spring-expression-5.2.12.RELEASE.jar:/Users/amanda/.m2/repository/org/springframework/boot/spring-boot-starter-mail/2.3.7.RELEASE/spring-boot-starter-mail-2.3.7.RELEASE.jar:/Users/amanda/.m2/repository/org/springframework/spring-context-support/5.2.12.RELEASE/spring-context-support-5.2.12.RELEASE.jar:/Users/amanda/.m2/repository/com/sun/mail/jakarta.mail/1.6.5/jakarta.mail-1.6.5.jar:/Users/amanda/.m2/repository/com/sun/activation/jakarta.activation/1.2.2/jakarta.activation-1.2.2.jar:/Users/amanda/.m2/repository/org/projectlombok/lombok/1.18.24/lombok-1.18.24.jar:/Users/amanda/.m2/repository/com/alibaba/fastjson/2.0.20/fastjson-2.0.20.jar:/Users/amanda/.m2/repository/com/alibaba/fastjson2/fastjson2-extension/2.0.20/fastjson2-extension-2.0.20.jar:/Users/amanda/.m2/repository/com/alibaba/fastjson2/fastjson2/2.0.20/fastjson2-2.0.20.jar:/Users/amanda/.m2/repository/commons-lang/commons-lang/2.6/commons-lang-2.6.jar:/Users/amanda/.m2/repository/mysql/mysql-connector-java/8.0.22/mysql-connector-java-8.0.22.jar:/Users/amanda/.m2/repository/com/alibaba/druid-spring-boot-starter/1.2.15/druid-spring-boot-starter-1.2.15.jar:/Users/amanda/.m2/repository/com/alibaba/druid/1.2.15/druid-1.2.15.jar:/Users/amanda/.m2/repository/org/slf4j/slf4j-api/1.7.30/slf4j-api-1.7.30.jar:/Users/amanda/.m2/repository/org/springframework/spring-web/5.2.12.RELEASE/spring-web-5.2.12.RELEASE.jar:/Users/amanda/.m2/repository/org/springframework/spring-beans/5.2.12.RELEASE/spring-beans-5.2.12.RELEASE.jar:/Users/amanda/.m2/repository/org/springframework/boot/spring-boot-starter-data-redis/2.3.7.RELEASE/spring-boot-starter-data-redis-2.3.7.RELEASE.jar:/Users/amanda/.m2/repository/org/springframework/data/spring-data-redis/2.3.6.RELEASE/spring-data-redis-2.3.6.RELEASE.jar:/Users/amanda/.m2/repository/org/springframework/data/spring-data-keyvalue/2.3.6.RELEASE/spring-data-keyvalue-2.3.6.RELEASE.jar:/Users/amanda/.m2/repository/org/springframework/data/spring-data-commons/2.3.6.RELEASE/spring-data-commons-2.3.6.RELEASE.jar:/Users/amanda/.m2/repository/org/springframework/spring-tx/5.2.12.RELEASE/spring-tx-5.2.12.RELEASE.jar:/Users/amanda/.m2/repository/org/springframework/spring-oxm/5.2.12.RELEASE/spring-oxm-5.2.12.RELEASE.jar:/Users/amanda/.m2/repository/io/lettuce/lettuce-core/5.3.5.RELEASE/lettuce-core-5.3.5.RELEASE.jar:/Users/amanda/.m2/repository/io/netty/netty-common/4.1.55.Final/netty-common-4.1.55.Final.jar:/Users/amanda/.m2/repository/io/netty/netty-handler/4.1.55.Final/netty-handler-4.1.55.Final.jar:/Users/amanda/.m2/repository/io/netty/netty-resolver/4.1.55.Final/netty-resolver-4.1.55.Final.jar:/Users/amanda/.m2/repository/io/netty/netty-buffer/4.1.55.Final/netty-buffer-4.1.55.Final.jar:/Users/amanda/.m2/repository/io/netty/netty-codec/4.1.55.Final/netty-codec-4.1.55.Final.jar:/Users/amanda/.m2/repository/io/netty/netty-transport/4.1.55.Final/netty-transport-4.1.55.Final.jar:/Users/amanda/.m2/repository/io/projectreactor/reactor-core/3.3.12.RELEASE/reactor-core-3.3.12.RELEASE.jar:/Users/amanda/.m2/repository/org/reactivestreams/reactive-streams/1.0.3/reactive-streams-1.0.3.jar:/Users/amanda/.m2/repository/com/fasterxml/jackson/core/jackson-databind/2.11.3/jackson-databind-2.11.3.jar:/Users/amanda/.m2/repository/com/fasterxml/jackson/core/jackson-annotations/2.11.3/jackson-annotations-2.11.3.jar:/Users/amanda/.m2/repository/com/fasterxml/jackson/core/jackson-core/2.11.3/jackson-core-2.11.3.jar:"/>
    <property name="sun.cpu.endian" value="little"/>
    <property name="user.home" value="/Users/amanda"/>
    <property name="user.language" value="en"/>
    <property name="java.specification.vendor" value="Oracle Corporation"/>
    <property name="java.version.date" value="2022-10-18"/>
    <property name="java.home" value="/Library/Java/JavaVirtualMachines/jdk-19.jdk/Contents/Home"/>
    <property name="file.separator" value="/"/>
    <property name="basedir" value="/Users/amanda/takeout_springboot/V2"/>
    <property name="java.vm.compressedOopsMode" value="Zero based"/>
    <property name="line.separator" value="&#10;"/>
    <property name="java.vm.specification.vendor" value="Oracle Corporation"/>
    <property name="java.specification.name" value="Java Platform API Specification"/>
    <property name="java.awt.headless" value="true"/>
    <property name="apple.awt.application.name" value="ForkedBooter"/>
    <property name="surefire.real.class.path" value="/Users/amanda/takeout_springboot/V2/target/surefire/surefirebooter-20230730112430067_3.jar"/>
    <property name="sun.management.compiler" value="HotSpot 64-Bit Tiered Compilers"/>
    <property name="java.runtime.version" value="19.0.1+10-21"/>
    <property name="user.name" value="amanda"/>
    <property name="stdout.encoding" value="UTF-8"/>
    <property name="path.separator" value=":"/>
    <property name="os.version" value="12.5.1"/>
    <property name="java.runtime.name" value="Java(TM) SE Runtime Environment"/>
    <property name="file.encoding" value="UTF-8"/>
    <property name="spring.beaninfo.ignore" value="true"/>
    <property name="java.vm.name" value="Java HotSpot(TM) 64-Bit Server VM"/>
    <property name="localRepository" value="/Users/amanda/.m2/repository"/>
    <property name="java.vendor.url.bug" value="https://bugreport.java.com/bugreport/"/>
    <property name="java.io.tmpdir" value="/var/folders/g1/c3pph_qj1d528bqcp68vj0qm0000gn/T/"/>
    <property name="java.version" value="19.0.1"/>
    <property name="user.dir" value="/Users/amanda/takeout_springboot/V2"/>
    <property name="os.arch" value="x86_64"/>
    <property name="java.vm.specification.name" value="Java Virtual Machine Specification"/>
    <property name="PID" value="22477"/>
    <property name="native.encoding" value="UTF-8"/>
    <property name="java.library.path" value="/Users/amanda/Library/Java/Extensions:/Library/Java/Extensions:/Network/Library/Java/Extensions:/System/Library/Java/Extensions:/usr/lib/java:."/>
    <property name="java.vm.info" value="mixed mode, sharing"/>
    <property name="stderr.encoding" value="UTF-8"/>
    <property name="java.vendor" value="Oracle Corporation"/>
    <property name="java.vm.version" value="19.0.1+10-21"/>
    <property name="sun.io.unicode.encoding" value="UnicodeBig"/>
    <property name="java.class.version" value="63.0"/>
  </properties>
  <testcase name="contextLoads" classname="com.codermast.takeoutfood.V2ApplicationTests" time="0.771">
    <system-out><![CDATA[11:24:31.336 [main] DEBUG org.springframework.test.context.BootstrapUtils - Instantiating CacheAwareContextLoaderDelegate from class [org.springframework.test.context.cache.DefaultCacheAwareContextLoaderDelegate]
11:24:31.362 [main] DEBUG org.springframework.test.context.BootstrapUtils - Instantiating BootstrapContext using constructor [public org.springframework.test.context.support.DefaultBootstrapContext(java.lang.Class,org.springframework.test.context.CacheAwareContextLoaderDelegate)]
11:24:31.422 [main] DEBUG org.springframework.test.context.BootstrapUtils - Instantiating TestContextBootstrapper for test class [com.codermast.takeoutfood.V2ApplicationTests] from class [org.springframework.boot.test.context.SpringBootTestContextBootstrapper]
11:24:31.472 [main] INFO org.springframework.boot.test.context.SpringBootTestContextBootstrapper - Neither @ContextConfiguration nor @ContextHierarchy found for test class [com.codermast.takeoutfood.V2ApplicationTests], using SpringBootContextLoader
11:24:31.480 [main] DEBUG org.springframework.test.context.support.AbstractContextLoader - Did not detect default resource location for test class [com.codermast.takeoutfood.V2ApplicationTests]: class path resource [com/codermast/takeoutfood/V2ApplicationTests-context.xml] does not exist
11:24:31.480 [main] DEBUG org.springframework.test.context.support.AbstractContextLoader - Did not detect default resource location for test class [com.codermast.takeoutfood.V2ApplicationTests]: class path resource [com/codermast/takeoutfood/V2ApplicationTestsContext.groovy] does not exist
11:24:31.481 [main] INFO org.springframework.test.context.support.AbstractContextLoader - Could not detect default resource locations for test class [com.codermast.takeoutfood.V2ApplicationTests]: no resource found for suffixes {-context.xml, Context.groovy}.
11:24:31.483 [main] INFO org.springframework.test.context.support.AnnotationConfigContextLoaderUtils - Could not detect default configuration classes for test class [com.codermast.takeoutfood.V2ApplicationTests]: V2ApplicationTests does not declare any static, non-private, non-final, nested classes annotated with @Configuration.
11:24:31.603 [main] DEBUG org.springframework.test.context.support.ActiveProfilesUtils - Could not find an 'annotation declaring class' for annotation type [org.springframework.test.context.ActiveProfiles] and class [com.codermast.takeoutfood.V2ApplicationTests]
11:24:31.781 [main] DEBUG org.springframework.context.annotation.ClassPathScanningCandidateComponentProvider - Identified candidate component class: file [/Users/amanda/takeout_springboot/V2/target/classes/com/codermast/takeoutfood/V2Application.class]
11:24:31.782 [main] INFO org.springframework.boot.test.context.SpringBootTestContextBootstrapper - Found @SpringBootConfiguration com.codermast.takeoutfood.V2Application for test class com.codermast.takeoutfood.V2ApplicationTests
11:24:31.982 [main] DEBUG org.springframework.boot.test.context.SpringBootTestContextBootstrapper - @TestExecutionListeners is not present for class [com.codermast.takeoutfood.V2ApplicationTests]: using defaults.
11:24:31.983 [main] INFO org.springframework.boot.test.context.SpringBootTestContextBootstrapper - Loaded default TestExecutionListener class names from location [META-INF/spring.factories]: [org.springframework.boot.test.mock.mockito.MockitoTestExecutionListener, org.springframework.boot.test.mock.mockito.ResetMocksTestExecutionListener, org.springframework.boot.test.autoconfigure.restdocs.RestDocsTestExecutionListener, org.springframework.boot.test.autoconfigure.web.client.MockRestServiceServerResetTestExecutionListener, org.springframework.boot.test.autoconfigure.web.servlet.MockMvcPrintOnlyOnFailureTestExecutionListener, org.springframework.boot.test.autoconfigure.web.servlet.WebDriverTestExecutionListener, org.springframework.boot.test.autoconfigure.webservices.client.MockWebServiceServerTestExecutionListener, org.springframework.test.context.web.ServletTestExecutionListener, org.springframework.test.context.support.DirtiesContextBeforeModesTestExecutionListener, org.springframework.test.context.support.DependencyInjectionTestExecutionListener, org.springframework.test.context.support.DirtiesContextTestExecutionListener, org.springframework.test.context.transaction.TransactionalTestExecutionListener, org.springframework.test.context.jdbc.SqlScriptsTestExecutionListener, org.springframework.test.context.event.EventPublishingTestExecutionListener]
11:24:32.031 [main] INFO org.springframework.boot.test.context.SpringBootTestContextBootstrapper - Using TestExecutionListeners: [org.springframework.test.context.web.ServletTestExecutionListener@1115ec15, org.springframework.test.context.support.DirtiesContextBeforeModesTestExecutionListener@82ea68c, org.springframework.boot.test.mock.mockito.MockitoTestExecutionListener@59e505b2, org.springframework.boot.test.autoconfigure.SpringBootDependencyInjectionTestExecutionListener@3af0a9da, org.springframework.test.context.support.DirtiesContextTestExecutionListener@43b9fd5, org.springframework.test.context.transaction.TransactionalTestExecutionListener@79dc5318, org.springframework.test.context.jdbc.SqlScriptsTestExecutionListener@8e50104, org.springframework.test.context.event.EventPublishingTestExecutionListener@37e4d7bb, org.springframework.boot.test.mock.mockito.ResetMocksTestExecutionListener@6f7923a5, org.springframework.boot.test.autoconfigure.restdocs.RestDocsTestExecutionListener@74a6f9c1, org.springframework.boot.test.autoconfigure.web.client.MockRestServiceServerResetTestExecutionListener@54eb2b70, org.springframework.boot.test.autoconfigure.web.servlet.MockMvcPrintOnlyOnFailureTestExecutionListener@45a37759, org.springframework.boot.test.autoconfigure.web.servlet.WebDriverTestExecutionListener@63611043, org.springframework.boot.test.autoconfigure.webservices.client.MockWebServiceServerTestExecutionListener@20ca951f]
11:24:32.038 [main] DEBUG org.springframework.test.context.support.AbstractDirtiesContextTestExecutionListener - Before test class: context [DefaultTestContext@345f69f3 testClass = V2ApplicationTests, testInstance = [null], testMethod = [null], testException = [null], mergedContextConfiguration = [WebMergedContextConfiguration@50de186c testClass = V2ApplicationTests, locations = '{}', classes = '{class com.codermast.takeoutfood.V2Application}', contextInitializerClasses = '[]', activeProfiles = '{}', propertySourceLocations = '{}', propertySourceProperties = '{org.springframework.boot.test.context.SpringBootTestContextBootstrapper=true}', contextCustomizers = set[org.springframework.boot.test.context.filter.ExcludeFilterContextCustomizer@50ad3bc1, org.springframework.boot.test.json.DuplicateJsonObjectContextCustomizerFactory$DuplicateJsonObjectContextCustomizer@193f604a, org.springframework.boot.test.mock.mockito.MockitoContextCustomizer@0, org.springframework.boot.test.web.client.TestRestTemplateContextCustomizer@1e683a3e, org.springframework.boot.test.autoconfigure.properties.PropertyMappingContextCustomizer@0, org.springframework.boot.test.autoconfigure.web.servlet.WebDriverContextCustomizerFactory$Customizer@4d465b11, org.springframework.boot.test.context.SpringBootTestArgs@1, org.springframework.boot.test.context.SpringBootTestWebEnvironment@2f943d71], resourceBasePath = 'src/main/webapp', contextLoader = 'org.springframework.boot.test.context.SpringBootContextLoader', parent = [null]], attributes = map['org.springframework.test.context.web.ServletTestExecutionListener.activateListener' -> true]], class annotated with @DirtiesContext [false] with mode [null].
11:24:32.106 [main] DEBUG org.springframework.test.context.support.TestPropertySourceUtils - Adding inlined properties to environment: {spring.jmx.enabled=false, org.springframework.boot.test.context.SpringBootTestContextBootstrapper=true}

  .   ____          _            __ _ _
 /\\ / ___'_ __ _ _(_)_ __  __ _ \ \ \ \
( ( )\___ | '_ | '_| | '_ \/ _` | \ \ \ \
 \\/  ___)| |_)| | | | | || (_| |  ) ) ) )
  '  |____| .__|_| |_|_| |_\__, | / / / /
 =========|_|==============|___/=/_/_/_/
 :: Spring Boot ::        (v2.3.7.RELEASE)

2023-07-30 11:24:32.877  INFO 22477 --- [           main] c.c.takeoutfood.V2ApplicationTests       : Starting V2ApplicationTests on meishaonv4hao.local with PID 22477 (started by amanda in /Users/amanda/takeout_springboot/V2)
2023-07-30 11:24:32.879  INFO 22477 --- [           main] c.c.takeoutfood.V2ApplicationTests       : No active profile set, falling back to default profiles: default
2023-07-30 11:24:33.172  WARN 22477 --- [kground-preinit] o.s.h.c.j.Jackson2ObjectMapperBuilder    : For Jackson Kotlin classes support please add "com.fasterxml.jackson.module:jackson-module-kotlin" to the classpath
2023-07-30 11:24:34.361  INFO 22477 --- [           main] .s.d.r.c.RepositoryConfigurationDelegate : Multiple Spring Data modules found, entering strict repository configuration mode!
2023-07-30 11:24:34.370  INFO 22477 --- [           main] .s.d.r.c.RepositoryConfigurationDelegate : Bootstrapping Spring Data Redis repositories in DEFAULT mode.
2023-07-30 11:24:34.457  INFO 22477 --- [           main] .s.d.r.c.RepositoryConfigurationDelegate : Finished Spring Data repository scanning in 43ms. Found 0 Redis repository interfaces.
Logging initialized using 'class org.apache.ibatis.logging.stdout.StdOutImpl' adapter.
2023-07-30 11:24:35.848  INFO 22477 --- [           main] c.a.d.s.b.a.DruidDataSourceAutoConfigure : Init DruidDataSource
2023-07-30 11:24:36.392  INFO 22477 --- [           main] com.alibaba.druid.pool.DruidDataSource   : {dataSource-1} inited
Registered plugin: 'com.baomidou.mybatisplus.extension.plugins.MybatisPlusInterceptor@257ef9ed'
Property 'mapperLocations' was not specified.
 _ _   |_  _ _|_. ___ _ |    _ 
| | |\/|_)(_| | |_\  |_)||_|_\ 
     /               |         
                        3.5.2 
2023-07-30 11:24:38.590  INFO 22477 --- [           main] c.c.takeoutfood.config.WebMvcConfig      : 使用自定义消息转换器
2023-07-30 11:24:38.617  INFO 22477 --- [           main] c.c.takeoutfood.config.WebMvcConfig      : 静态资源开始映射...
2023-07-30 11:24:39.646  INFO 22477 --- [           main] c.c.takeoutfood.V2ApplicationTests       : Started V2ApplicationTests in 7.512 seconds (JVM running for 9.404)
]]></system-out>
  </testcase>
</testsuite>